{"numTotalTestSuites":390,"numPassedTestSuites":390,"numFailedTestSuites":0,"numPendingTestSuites":0,"numTotalTests":1166,"numPassedTests":1166,"numFailedTests":0,"numPendingTests":0,"numTodoTests":0,"snapshot":{"added":0,"failure":false,"filesAdded":0,"filesRemoved":0,"filesRemovedList":[],"filesUnmatched":0,"filesUpdated":0,"matched":10,"total":10,"unchecked":0,"uncheckedKeysByFile":[],"unmatched":0,"updated":0,"didUpdate":false},"startTime":1776800847606,"success":true,"testResults":[{"assertionResults":[{"ancestorTitles":["useScheduleView"],"fullName":"useScheduleView has sensible defaults","status":"passed","title":"has sensible defaults","duration":3.784700000000157,"failureMessages":[],"meta":{}},{"ancestorTitles":["useScheduleView"],"fullName":"useScheduleView zoomIn / zoomOut cycles through compact → default → expanded","status":"passed","title":"zoomIn / zoomOut cycles through compact → default → expanded","duration":0.9673999999995431,"failureMessages":[],"meta":{}},{"ancestorTitles":["useScheduleView"],"fullName":"useScheduleView moveCursor respects bounds","status":"passed","title":"moveCursor respects bounds","duration":1.9641000000010536,"failureMessages":[],"meta":{}},{"ancestorTitles":["useScheduleView"],"fullName":"useScheduleView toggleDoctorFlow flips state","status":"passed","title":"toggleDoctorFlow flips state","duration":0.7249999999985448,"failureMessages":[],"meta":{}},{"ancestorTitles":["useScheduleView"],"fullName":"useScheduleView ZOOM_ROW_HEIGHT_PX matches design-token stops","status":"passed","title":"ZOOM_ROW_HEIGHT_PX matches design-token stops","duration":0.6612999999997555,"failureMessages":[],"meta":{}}],"startTime":1776800891767,"endTime":1776800891774.725,"status":"passed","message":"","name":"C:/Users/ScottGuest/Documents/Workspaces/personal/tools/cst-designer/src/store/__tests__/use-schedule-view.test.ts"},{"assertionResults":[{"ancestorTitles":["BlockPicker - explicit blockTypes prop"],"fullName":"BlockPicker - explicit blockTypes prop renders doctor block types for DOCTOR provider","status":"passed","title":"renders doctor block types for DOCTOR provider","duration":253.64689999999973,"failureMessages":[],"meta":{}},{"ancestorTitles":["BlockPicker - explicit blockTypes prop"],"fullName":"BlockPicker - explicit blockTypes prop renders hygienist block types for HYGIENIST provider","status":"passed","title":"renders hygienist block types for HYGIENIST provider","duration":163.17540000000008,"failureMessages":[],"meta":{}},{"ancestorTitles":["BlockPicker - explicit blockTypes prop"],"fullName":"BlockPicker - explicit blockTypes prop shows BOTH types for both provider roles","status":"passed","title":"shows BOTH types for both provider roles","duration":21.182300000000396,"failureMessages":[],"meta":{}},{"ancestorTitles":["BlockPicker - explicit blockTypes prop"],"fullName":"BlockPicker - explicit blockTypes prop returns null when no applicable blocks","status":"passed","title":"returns null when no applicable blocks","duration":4.369300000000294,"failureMessages":[],"meta":{}},{"ancestorTitles":["BlockPicker - explicit blockTypes prop"],"fullName":"BlockPicker - explicit blockTypes prop calls onSelect with the block type when clicked","status":"passed","title":"calls onSelect with the block type when clicked","duration":60.32560000000012,"failureMessages":[],"meta":{}},{"ancestorTitles":["BlockPicker - explicit blockTypes prop"],"fullName":"BlockPicker - explicit blockTypes prop calls onClose when the X button is clicked","status":"passed","title":"calls onClose when the X button is clicked","duration":669.907799999999,"failureMessages":[],"meta":{}},{"ancestorTitles":["BlockPicker - explicit blockTypes prop"],"fullName":"BlockPicker - explicit blockTypes prop displays the time label in the header","status":"passed","title":"displays the time label in the header","duration":54.151599999999235,"failureMessages":[],"meta":{}},{"ancestorTitles":["BlockPicker - explicit blockTypes prop"],"fullName":"BlockPicker - explicit blockTypes prop shows production amount when minimumAmount is set","status":"passed","title":"shows production amount when minimumAmount is set","duration":13.576600000000326,"failureMessages":[],"meta":{}},{"ancestorTitles":["BlockPicker - global store fallback (no blockTypes prop)"],"fullName":"BlockPicker - global store fallback (no blockTypes prop) renders block types from the global store when no prop is provided","status":"passed","title":"renders block types from the global store when no prop is provided","duration":30.098299999999654,"failureMessages":[],"meta":{}},{"ancestorTitles":["BlockPicker - global store fallback (no blockTypes prop)"],"fullName":"BlockPicker - global store fallback (no blockTypes prop) newly added custom type appears in BlockPicker automatically","status":"passed","title":"newly added custom type appears in BlockPicker automatically","duration":33.51889999999912,"failureMessages":[],"meta":{}},{"ancestorTitles":["BlockPicker - global store fallback (no blockTypes prop)"],"fullName":"BlockPicker - global store fallback (no blockTypes prop) custom hygienist type appears for HYGIENIST provider only","status":"passed","title":"custom hygienist type appears for HYGIENIST provider only","duration":62.636099999999715,"failureMessages":[],"meta":{}},{"ancestorTitles":["BlockPicker - global store fallback (no blockTypes prop)"],"fullName":"BlockPicker - global store fallback (no blockTypes prop) deleted custom type no longer appears in BlockPicker","status":"passed","title":"deleted custom type no longer appears in BlockPicker","duration":33.02230000000054,"failureMessages":[],"meta":{}},{"ancestorTitles":["BlockPicker - edge cases"],"fullName":"BlockPicker - edge cases explicit blockTypes prop takes precedence over store","status":"passed","title":"explicit blockTypes prop takes precedence over store","duration":11.162099999999555,"failureMessages":[],"meta":{}},{"ancestorTitles":["BlockPicker - edge cases"],"fullName":"BlockPicker - edge cases renders color dot when color is set on a block type","status":"passed","title":"renders color dot when color is set on a block type","duration":19.801300000000992,"failureMessages":[],"meta":{}}],"startTime":1776800859206,"endTime":1776800860638.8013,"status":"passed","message":"","name":"C:/Users/ScottGuest/Documents/Workspaces/personal/tools/cst-designer/src/__tests__/components/BlockPicker.test.tsx"},{"assertionResults":[{"ancestorTitles":["ErrorBoundary"],"fullName":"ErrorBoundary logs caught error via console.error with the boundary name","status":"passed","title":"logs caught error via console.error with the boundary name","duration":95.70970000000125,"failureMessages":[],"meta":{}},{"ancestorTitles":["ErrorBoundary"],"fullName":"ErrorBoundary renders the default fallback UI when a child throws","status":"passed","title":"renders the default fallback UI when a child throws","duration":41.156199999999444,"failureMessages":[],"meta":{}},{"ancestorTitles":["ErrorBoundary"],"fullName":"ErrorBoundary renders a scope label in the default fallback when scope prop is provided","status":"passed","title":"renders a scope label in the default fallback when scope prop is provided","duration":17.82639999999992,"failureMessages":[],"meta":{}},{"ancestorTitles":["ErrorBoundary"],"fullName":"ErrorBoundary uses a custom fallback when the `fallback` prop is supplied","status":"passed","title":"uses a custom fallback when the `fallback` prop is supplied","duration":6.718200000001161,"failureMessages":[],"meta":{}},{"ancestorTitles":["ErrorBoundary"],"fullName":"ErrorBoundary isolates errors — sibling boundaries continue rendering when one throws","status":"passed","title":"isolates errors — sibling boundaries continue rendering when one throws","duration":14.947400000000926,"failureMessages":[],"meta":{}},{"ancestorTitles":["ErrorBoundary"],"fullName":"ErrorBoundary invokes the onError callback with the thrown error","status":"passed","title":"invokes the onError callback with the thrown error","duration":13.145899999999529,"failureMessages":[],"meta":{}}],"startTime":1776800872807,"endTime":1776800872998.146,"status":"passed","message":"","name":"C:/Users/ScottGuest/Documents/Workspaces/personal/tools/cst-designer/src/__tests__/components/ErrorBoundary.test.tsx"},{"assertionResults":[{"ancestorTitles":["ReviewPanel — rendering"],"fullName":"ReviewPanel — rendering renders the quality pill with tier label and score","status":"passed","title":"renders the quality pill with tier label and score","duration":315.5080999999991,"failureMessages":[],"meta":{}},{"ancestorTitles":["ReviewPanel — rendering"],"fullName":"ReviewPanel — rendering renders 'All clear' when there are no items and floor was met","status":"passed","title":"renders 'All clear' when there are no items and floor was met","duration":29.096300000001065,"failureMessages":[],"meta":{}},{"ancestorTitles":["ReviewPanel — rendering"],"fullName":"ReviewPanel — rendering groups items into Must Fix / Consider / Opportunity sections","status":"passed","title":"groups items into Must Fix / Consider / Opportunity sections","duration":109.90110000000095,"failureMessages":[],"meta":{}},{"ancestorTitles":["ReviewPanel — rendering"],"fullName":"ReviewPanel — rendering surfaces D-time conflicts in Must Fix","status":"passed","title":"surfaces D-time conflicts in Must Fix","duration":20.929599999999482,"failureMessages":[],"meta":{}},{"ancestorTitles":["ReviewPanel — rendering"],"fullName":"ReviewPanel — rendering shows the 'Couldn't clear floor' banner when retry envelope reports floorMet=false","status":"passed","title":"shows the 'Couldn't clear floor' banner when retry envelope reports floorMet=false","duration":20.05739999999969,"failureMessages":[],"meta":{}},{"ancestorTitles":["ReviewPanel — rendering"],"fullName":"ReviewPanel — rendering does NOT show the floor banner when floorMet=true","status":"passed","title":"does NOT show the floor banner when floorMet=true","duration":11.09230000000025,"failureMessages":[],"meta":{}},{"ancestorTitles":["ReviewPanel — rendering"],"fullName":"ReviewPanel — rendering fires flashSlot + onJumpToCell when 'Jump to cell' is clicked","status":"passed","title":"fires flashSlot + onJumpToCell when 'Jump to cell' is clicked","duration":587.3329999999987,"failureMessages":[],"meta":{}}],"startTime":1776800858692,"endTime":1776800859786.333,"status":"passed","message":"","name":"C:/Users/ScottGuest/Documents/Workspaces/personal/tools/cst-designer/src/__tests__/components/ReviewPanel.test.tsx"},{"assertionResults":[{"ancestorTitles":["TimeGridRenderer smoke test"],"fullName":"TimeGridRenderer smoke test renders block cells for each slot in the mock array","status":"passed","title":"renders block cells for each slot in the mock array","duration":311.66049999999996,"failureMessages":[],"meta":{}},{"ancestorTitles":["TimeGridRenderer smoke test"],"fullName":"TimeGridRenderer smoke test renders the provider header with name and role","status":"passed","title":"renders the provider header with name and role","duration":84.28089999999975,"failureMessages":[],"meta":{}},{"ancestorTitles":["TimeGridRenderer smoke test"],"fullName":"TimeGridRenderer smoke test renders the zoom toolbar with current row height","status":"passed","title":"renders the zoom toolbar with current row height","duration":60.754800000000614,"failureMessages":[],"meta":{}},{"ancestorTitles":["TimeGridRenderer smoke test"],"fullName":"TimeGridRenderer smoke test calls onZoomOut when the zoom-out button is clicked","status":"passed","title":"calls onZoomOut when the zoom-out button is clicked","duration":59.71800000000076,"failureMessages":[],"meta":{}}],"startTime":1776800870991,"endTime":1776800871507.718,"status":"passed","message":"","name":"C:/Users/ScottGuest/Documents/Workspaces/personal/tools/cst-designer/src/__tests__/components/TimeGridRenderer.test.tsx"},{"assertionResults":[{"ancestorTitles":["TimeSlotCell keyboard accessibility"],"fullName":"TimeSlotCell keyboard accessibility exposes role=\"button\" and tabIndex on empty interactive cell","status":"passed","title":"exposes role=\"button\" and tabIndex on empty interactive cell","duration":72.14219999999841,"failureMessages":[],"meta":{}},{"ancestorTitles":["TimeSlotCell keyboard accessibility"],"fullName":"TimeSlotCell keyboard accessibility fires onClick when Enter is pressed on an empty cell","status":"passed","title":"fires onClick when Enter is pressed on an empty cell","duration":14.78530000000137,"failureMessages":[],"meta":{}},{"ancestorTitles":["TimeSlotCell keyboard accessibility"],"fullName":"TimeSlotCell keyboard accessibility fires onClick when Space is pressed on an empty cell","status":"passed","title":"fires onClick when Space is pressed on an empty cell","duration":6.952800000000934,"failureMessages":[],"meta":{}},{"ancestorTitles":["TimeSlotCell keyboard accessibility"],"fullName":"TimeSlotCell keyboard accessibility does not fire onClick for other keys","status":"passed","title":"does not fire onClick for other keys","duration":7.2137000000002445,"failureMessages":[],"meta":{}},{"ancestorTitles":["TimeSlotCell keyboard accessibility"],"fullName":"TimeSlotCell keyboard accessibility exposes role=\"button\" on a block cell and fires onClick for Enter","status":"passed","title":"exposes role=\"button\" on a block cell and fires onClick for Enter","duration":171.21500000000015,"failureMessages":[],"meta":{}},{"ancestorTitles":["TimeSlotCell keyboard accessibility"],"fullName":"TimeSlotCell keyboard accessibility does not set role=\"button\" or tabIndex on non-interactive cells","status":"passed","title":"does not set role=\"button\" or tabIndex on non-interactive cells","duration":11.374899999998888,"failureMessages":[],"meta":{}},{"ancestorTitles":["TimeSlotCell keyboard accessibility"],"fullName":"TimeSlotCell keyboard accessibility marks the conflict icon group as decorative (aria-hidden)","status":"passed","title":"marks the conflict icon group as decorative (aria-hidden)","duration":47.740499999999884,"failureMessages":[],"meta":{}}],"startTime":1776800870837,"endTime":1776800871168.7405,"status":"passed","message":"","name":"C:/Users/ScottGuest/Documents/Workspaces/personal/tools/cst-designer/src/__tests__/components/TimeSlotCell.test.tsx"},{"assertionResults":[{"ancestorTitles":["useTimeSlotInteraction — drag state cleanup (Iter 12a)"],"fullName":"useTimeSlotInteraction — drag state cleanup (Iter 12a) clears dragState on a drop that takes the early-return path (no onMoveBlock)","status":"passed","title":"clears dragState on a drop that takes the early-return path (no onMoveBlock)","duration":46.189399999999296,"failureMessages":[],"meta":{}},{"ancestorTitles":["useTimeSlotInteraction — drag state cleanup (Iter 12a)"],"fullName":"useTimeSlotInteraction — drag state cleanup (Iter 12a) clears dragState after a successful grid move","status":"passed","title":"clears dragState after a successful grid move","duration":10.770199999999022,"failureMessages":[],"meta":{}},{"ancestorTitles":["useTimeSlotInteraction — drag state cleanup (Iter 12a)"],"fullName":"useTimeSlotInteraction — drag state cleanup (Iter 12a) clears sidebarDragging after a sidebar drop with malformed JSON","status":"passed","title":"clears sidebarDragging after a sidebar drop with malformed JSON","duration":10.644999999998618,"failureMessages":[],"meta":{}}],"startTime":1776800874820,"endTime":1776800874887.645,"status":"passed","message":"","name":"C:/Users/ScottGuest/Documents/Workspaces/personal/tools/cst-designer/src/__tests__/components/TimeSlotInteraction.test.tsx"},{"assertionResults":[{"ancestorTitles":["ScheduleGrid – drag-and-drop integration"],"fullName":"ScheduleGrid – drag-and-drop integration calls onMoveBlock with correct args when dragging block to a valid empty slot","status":"passed","title":"calls onMoveBlock with correct args when dragging block to a valid empty slot","duration":499.1229999999996,"failureMessages":[],"meta":{}},{"ancestorTitles":["ScheduleGrid – drag-and-drop integration"],"fullName":"ScheduleGrid – drag-and-drop integration does NOT call onMoveBlock when dropping on a break/lunch cell","status":"passed","title":"does NOT call onMoveBlock when dropping on a break/lunch cell","duration":126.59089999999924,"failureMessages":[],"meta":{}},{"ancestorTitles":["ScheduleGrid – drag-and-drop integration"],"fullName":"ScheduleGrid – drag-and-drop integration shows drag-over visual feedback (ring class) when hovering a valid target","status":"passed","title":"shows drag-over visual feedback (ring class) when hovering a valid target","duration":135.0008999999991,"failureMessages":[],"meta":{}},{"ancestorTitles":["ScheduleGrid – drag-and-drop integration"],"fullName":"ScheduleGrid – drag-and-drop integration clears visual feedback after drop (ring removed)","status":"passed","title":"clears visual feedback after drop (ring removed)","duration":197.19720000000052,"failureMessages":[],"meta":{}},{"ancestorTitles":["ScheduleGrid – drag-and-drop integration"],"fullName":"ScheduleGrid – drag-and-drop integration applies isDragging opacity style to source block during drag","status":"passed","title":"applies isDragging opacity style to source block during drag","duration":134.95299999999952,"failureMessages":[],"meta":{}},{"ancestorTitles":["ScheduleGrid – drag-and-drop integration"],"fullName":"ScheduleGrid – drag-and-drop integration clears drag state when drag ends without a drop (dragEnd)","status":"passed","title":"clears drag state when drag ends without a drop (dragEnd)","duration":164.22260000000097,"failureMessages":[],"meta":{}}],"startTime":1776800860532,"endTime":1776800861790.2227,"status":"passed","message":"","name":"C:/Users/ScottGuest/Documents/Workspaces/personal/tools/cst-designer/src/__tests__/integration/drag-drop-grid.test.tsx"},{"assertionResults":[{"ancestorTitles":["Edge Cases Integration"],"fullName":"Edge Cases Integration should handle office with no providers","status":"passed","title":"should handle office with no providers","duration":6.356499999999869,"failureMessages":[],"meta":{}},{"ancestorTitles":["Edge Cases Integration"],"fullName":"Edge Cases Integration should handle office with no block types","status":"passed","title":"should handle office with no block types","duration":41.76720000000023,"failureMessages":[],"meta":{}},{"ancestorTitles":["Edge Cases Integration"],"fullName":"Edge Cases Integration should handle invalid schedule generation gracefully","status":"passed","title":"should handle invalid schedule generation gracefully","duration":5.20129999999881,"failureMessages":[],"meta":{}}],"startTime":1776800879184,"endTime":1776800879237.2014,"status":"passed","message":"","name":"C:/Users/ScottGuest/Documents/Workspaces/personal/tools/cst-designer/src/__tests__/integration/edge-cases.test.ts"},{"assertionResults":[{"ancestorTitles":["Generation to Export Flow Integration"],"fullName":"Generation to Export Flow Integration should export generated schedules to Excel","status":"passed","title":"should export generated schedules to Excel","duration":524.0002000000004,"failureMessages":[],"meta":{}},{"ancestorTitles":["Generation to Export Flow Integration"],"fullName":"Generation to Export Flow Integration should handle multi-day schedule exports","status":"passed","title":"should handle multi-day schedule exports","duration":312.91439999999966,"failureMessages":[],"meta":{}}],"startTime":1776800859410,"endTime":1776800860247.9143,"status":"passed","message":"","name":"C:/Users/ScottGuest/Documents/Workspaces/personal/tools/cst-designer/src/__tests__/integration/generation-to-export.test.ts"},{"assertionResults":[{"ancestorTitles":["Intake to Generation Flow Integration"],"fullName":"Intake to Generation Flow Integration should generate schedules after office creation","status":"passed","title":"should generate schedules after office creation","duration":77.80529999999999,"failureMessages":[],"meta":{}},{"ancestorTitles":["Intake to Generation Flow Integration"],"fullName":"Intake to Generation Flow Integration should validate provider and block type relationships","status":"passed","title":"should validate provider and block type relationships","duration":13.867299999999886,"failureMessages":[],"meta":{}}],"startTime":1776800870381,"endTime":1776800870472.8672,"status":"passed","message":"","name":"C:/Users/ScottGuest/Documents/Workspaces/personal/tools/cst-designer/src/__tests__/integration/intake-to-generation.test.ts"},{"assertionResults":[{"ancestorTitles":["Office CRUD Flow Integration"],"fullName":"Office CRUD Flow Integration should complete full CRUD cycle successfully","status":"passed","title":"should complete full CRUD cycle successfully","duration":1404.0259999999998,"failureMessages":[],"meta":{}}],"startTime":1776800858055,"endTime":1776800859459.026,"status":"passed","message":"","name":"C:/Users/ScottGuest/Documents/Workspaces/personal/tools/cst-designer/src/__tests__/integration/office-crud-flow.test.ts"},{"assertionResults":[{"ancestorTitles":["Office Editing Flow Integration"],"fullName":"Office Editing Flow Integration should preserve data when editing office details","status":"passed","title":"should preserve data when editing office details","duration":1215.3304000000007,"failureMessages":[],"meta":{}},{"ancestorTitles":["Office Editing Flow Integration"],"fullName":"Office Editing Flow Integration should regenerate schedules after provider changes","status":"passed","title":"should regenerate schedules after provider changes","duration":1183.2164000000012,"failureMessages":[],"meta":{}}],"startTime":1776800858255,"endTime":1776800860654.2163,"status":"passed","message":"","name":"C:/Users/ScottGuest/Documents/Workspaces/personal/tools/cst-designer/src/__tests__/integration/office-editing-flow.test.ts"},{"assertionResults":[{"ancestorTitles":["useBlockTypeStore - CRUD Operations","initial state"],"fullName":"useBlockTypeStore - CRUD Operations initial state seeds with the default block types","status":"passed","title":"seeds with the default block types","duration":4.30409999999938,"failureMessages":[],"meta":{}},{"ancestorTitles":["useBlockTypeStore - CRUD Operations","initial state"],"fullName":"useBlockTypeStore - CRUD Operations initial state marks all seeded types as non-custom","status":"passed","title":"marks all seeded types as non-custom","duration":1.0239999999994325,"failureMessages":[],"meta":{}},{"ancestorTitles":["useBlockTypeStore - CRUD Operations","initial state"],"fullName":"useBlockTypeStore - CRUD Operations initial state preserves all default type fields","status":"passed","title":"preserves all default type fields","duration":0.9764999999988504,"failureMessages":[],"meta":{}},{"ancestorTitles":["useBlockTypeStore - CRUD Operations","initFromStorage"],"fullName":"useBlockTypeStore - CRUD Operations initFromStorage loads types from localStorage when present","status":"passed","title":"loads types from localStorage when present","duration":4.800200000001496,"failureMessages":[],"meta":{}},{"ancestorTitles":["useBlockTypeStore - CRUD Operations","initFromStorage"],"fullName":"useBlockTypeStore - CRUD Operations initFromStorage seeds defaults when localStorage is empty","status":"passed","title":"seeds defaults when localStorage is empty","duration":0.9699000000000524,"failureMessages":[],"meta":{}},{"ancestorTitles":["useBlockTypeStore - CRUD Operations","initFromStorage"],"fullName":"useBlockTypeStore - CRUD Operations initFromStorage persists defaults to localStorage on first init","status":"passed","title":"persists defaults to localStorage on first init","duration":1.2018000000007305,"failureMessages":[],"meta":{}},{"ancestorTitles":["useBlockTypeStore - CRUD Operations","addBlockType"],"fullName":"useBlockTypeStore - CRUD Operations addBlockType adds a new custom block type","status":"passed","title":"adds a new custom block type","duration":1.9901000000008935,"failureMessages":[],"meta":{}},{"ancestorTitles":["useBlockTypeStore - CRUD Operations","addBlockType"],"fullName":"useBlockTypeStore - CRUD Operations addBlockType assigns a unique id","status":"passed","title":"assigns a unique id","duration":2.639600000000428,"failureMessages":[],"meta":{}},{"ancestorTitles":["useBlockTypeStore - CRUD Operations","addBlockType"],"fullName":"useBlockTypeStore - CRUD Operations addBlockType persists to localStorage after adding","status":"passed","title":"persists to localStorage after adding","duration":1.1684999999997672,"failureMessages":[],"meta":{}},{"ancestorTitles":["useBlockTypeStore - CRUD Operations","addBlockType"],"fullName":"useBlockTypeStore - CRUD Operations addBlockType stores all provided fields","status":"passed","title":"stores all provided fields","duration":1.0817999999999302,"failureMessages":[],"meta":{}},{"ancestorTitles":["useBlockTypeStore - CRUD Operations","addBlockType"],"fullName":"useBlockTypeStore - CRUD Operations addBlockType rejects an empty label","status":"passed","title":"rejects an empty label","duration":0.7237999999997555,"failureMessages":[],"meta":{}},{"ancestorTitles":["useBlockTypeStore - CRUD Operations","addBlockType"],"fullName":"useBlockTypeStore - CRUD Operations addBlockType rejects a whitespace-only label","status":"passed","title":"rejects a whitespace-only label","duration":0.31639999999970314,"failureMessages":[],"meta":{}},{"ancestorTitles":["useBlockTypeStore - CRUD Operations","addBlockType"],"fullName":"useBlockTypeStore - CRUD Operations addBlockType rejects a negative durationMin","status":"passed","title":"rejects a negative durationMin","duration":0.5747000000010303,"failureMessages":[],"meta":{}},{"ancestorTitles":["useBlockTypeStore - CRUD Operations","addBlockType"],"fullName":"useBlockTypeStore - CRUD Operations addBlockType rejects durationMax less than durationMin","status":"passed","title":"rejects durationMax less than durationMin","duration":0.5197000000007392,"failureMessages":[],"meta":{}},{"ancestorTitles":["useBlockTypeStore - CRUD Operations","addBlockType"],"fullName":"useBlockTypeStore - CRUD Operations addBlockType rejects duplicate label + role combination (case-insensitive)","status":"passed","title":"rejects duplicate label + role combination (case-insensitive)","duration":0.7991999999994732,"failureMessages":[],"meta":{}},{"ancestorTitles":["useBlockTypeStore - CRUD Operations","addBlockType"],"fullName":"useBlockTypeStore - CRUD Operations addBlockType allows same label for different roles","status":"passed","title":"allows same label for different roles","duration":67.63889999999992,"failureMessages":[],"meta":{}},{"ancestorTitles":["useBlockTypeStore - CRUD Operations","addBlockType"],"fullName":"useBlockTypeStore - CRUD Operations addBlockType does not add to store state on failure","status":"passed","title":"does not add to store state on failure","duration":0.4969999999993888,"failureMessages":[],"meta":{}},{"ancestorTitles":["useBlockTypeStore - CRUD Operations","updateBlockType"],"fullName":"useBlockTypeStore - CRUD Operations updateBlockType updates an existing block type","status":"passed","title":"updates an existing block type","duration":1.0604000000002998,"failureMessages":[],"meta":{}},{"ancestorTitles":["useBlockTypeStore - CRUD Operations","updateBlockType"],"fullName":"useBlockTypeStore - CRUD Operations updateBlockType returns false for non-existent id","status":"passed","title":"returns false for non-existent id","duration":0.30349999999998545,"failureMessages":[],"meta":{}},{"ancestorTitles":["useBlockTypeStore - CRUD Operations","updateBlockType"],"fullName":"useBlockTypeStore - CRUD Operations updateBlockType allows editing default block types","status":"passed","title":"allows editing default block types","duration":0.6404999999995198,"failureMessages":[],"meta":{}},{"ancestorTitles":["useBlockTypeStore - CRUD Operations","updateBlockType"],"fullName":"useBlockTypeStore - CRUD Operations updateBlockType rejects update that creates a duplicate label+role","status":"passed","title":"rejects update that creates a duplicate label+role","duration":0.5108000000000175,"failureMessages":[],"meta":{}},{"ancestorTitles":["useBlockTypeStore - CRUD Operations","updateBlockType"],"fullName":"useBlockTypeStore - CRUD Operations updateBlockType persists changes to localStorage","status":"passed","title":"persists changes to localStorage","duration":0.652299999999741,"failureMessages":[],"meta":{}},{"ancestorTitles":["useBlockTypeStore - CRUD Operations","deleteBlockType"],"fullName":"useBlockTypeStore - CRUD Operations deleteBlockType deletes a custom block type","status":"passed","title":"deletes a custom block type","duration":0.7948000000014872,"failureMessages":[],"meta":{}},{"ancestorTitles":["useBlockTypeStore - CRUD Operations","deleteBlockType"],"fullName":"useBlockTypeStore - CRUD Operations deleteBlockType returns false when trying to delete a default (built-in) type","status":"passed","title":"returns false when trying to delete a default (built-in) type","duration":1.2322999999996682,"failureMessages":[],"meta":{}},{"ancestorTitles":["useBlockTypeStore - CRUD Operations","deleteBlockType"],"fullName":"useBlockTypeStore - CRUD Operations deleteBlockType returns false for non-existent id","status":"passed","title":"returns false for non-existent id","duration":0.6335999999992055,"failureMessages":[],"meta":{}},{"ancestorTitles":["useBlockTypeStore - CRUD Operations","deleteBlockType"],"fullName":"useBlockTypeStore - CRUD Operations deleteBlockType persists deletion to localStorage","status":"passed","title":"persists deletion to localStorage","duration":0.6722999999983585,"failureMessages":[],"meta":{}},{"ancestorTitles":["useBlockTypeStore - CRUD Operations","deleteBlockType"],"fullName":"useBlockTypeStore - CRUD Operations deleteBlockType does not affect other block types","status":"passed","title":"does not affect other block types","duration":0.8212000000003172,"failureMessages":[],"meta":{}},{"ancestorTitles":["useBlockTypeStore - CRUD Operations","resetToDefaults"],"fullName":"useBlockTypeStore - CRUD Operations resetToDefaults removes all custom types","status":"passed","title":"removes all custom types","duration":0.587599999998929,"failureMessages":[],"meta":{}},{"ancestorTitles":["useBlockTypeStore - CRUD Operations","resetToDefaults"],"fullName":"useBlockTypeStore - CRUD Operations resetToDefaults restores the default count","status":"passed","title":"restores the default count","duration":0.5472000000008848,"failureMessages":[],"meta":{}},{"ancestorTitles":["useBlockTypeStore - CRUD Operations","resetToDefaults"],"fullName":"useBlockTypeStore - CRUD Operations resetToDefaults persists reset to localStorage","status":"passed","title":"persists reset to localStorage","duration":2.2204000000001543,"failureMessages":[],"meta":{}}],"startTime":1776800880516,"endTime":1776800880621.2205,"status":"passed","message":"","name":"C:/Users/ScottGuest/Documents/Workspaces/personal/tools/cst-designer/src/__tests__/store/block-type-store.test.ts"},{"assertionResults":[{"ancestorTitles":["office-store — SSR resiliency"],"fullName":"office-store — SSR resiliency fetchOffices returns empty array when window is undefined (SSR)","status":"passed","title":"fetchOffices returns empty array when window is undefined (SSR)","duration":7.329200000000128,"failureMessages":[],"meta":{}},{"ancestorTitles":["office-store — SSR resiliency"],"fullName":"office-store — SSR resiliency fetchOffice returns null currentOffice when window is undefined (SSR)","status":"passed","title":"fetchOffice returns null currentOffice when window is undefined (SSR)","duration":1.3693999999995867,"failureMessages":[],"meta":{}},{"ancestorTitles":["office-store — SSR resiliency"],"fullName":"office-store — SSR resiliency fetchOffices does not throw when SSR-guarded (no unhandled rejection)","status":"passed","title":"fetchOffices does not throw when SSR-guarded (no unhandled rejection)","duration":2.0249000000003434,"failureMessages":[],"meta":{}},{"ancestorTitles":["office-store — SSR resiliency"],"fullName":"office-store — SSR resiliency fetchOffice does not throw when SSR-guarded (no unhandled rejection)","status":"passed","title":"fetchOffice does not throw when SSR-guarded (no unhandled rejection)","duration":0.6616000000012718,"failureMessages":[],"meta":{}}],"startTime":1776800891249,"endTime":1776800891260.6616,"status":"passed","message":"","name":"C:/Users/ScottGuest/Documents/Workspaces/personal/tools/cst-designer/src/__tests__/store/office-store.test.ts"},{"assertionResults":[{"ancestorTitles":["loadSchedulesForOffice — parallel DB fetch (Iter 12a)"],"fullName":"loadSchedulesForOffice — parallel DB fetch (Iter 12a) fetches DB and populates state when localStorage is empty (cross-device case)","status":"passed","title":"fetches DB and populates state when localStorage is empty (cross-device case)","duration":9.632100000000719,"failureMessages":[],"meta":{}},{"ancestorTitles":["loadSchedulesForOffice — parallel DB fetch (Iter 12a)"],"fullName":"loadSchedulesForOffice — parallel DB fetch (Iter 12a) merges DB-only days into localStorage-populated state","status":"passed","title":"merges DB-only days into localStorage-populated state","duration":1.4502000000011321,"failureMessages":[],"meta":{}},{"ancestorTitles":["loadSchedulesForOffice — parallel DB fetch (Iter 12a)"],"fullName":"loadSchedulesForOffice — parallel DB fetch (Iter 12a) falls back silently when fetch rejects","status":"passed","title":"falls back silently when fetch rejects","duration":3.1098000000001775,"failureMessages":[],"meta":{}},{"ancestorTitles":["loadSchedulesForOffice — parallel DB fetch (Iter 12a)"],"fullName":"loadSchedulesForOffice — parallel DB fetch (Iter 12a) does not clobber state if the user switches offices mid-fetch","status":"passed","title":"does not clobber state if the user switches offices mid-fetch","duration":1.3179000000000087,"failureMessages":[],"meta":{}}],"startTime":1776800888515,"endTime":1776800888531.3179,"status":"passed","message":"","name":"C:/Users/ScottGuest/Documents/Workspaces/personal/tools/cst-designer/src/__tests__/store/schedule-store-load.test.ts"},{"assertionResults":[{"ancestorTitles":["schedule store — alternate week (Sprint 5)"],"fullName":"schedule store — alternate week (Sprint 5) defaults activeWeek to \"A\"","status":"passed","title":"defaults activeWeek to \"A\"","duration":3.5815999999995256,"failureMessages":[],"meta":{}},{"ancestorTitles":["schedule store — alternate week (Sprint 5)"],"fullName":"schedule store — alternate week (Sprint 5) setActiveWeek changes activeWeek to \"B\"","status":"passed","title":"setActiveWeek changes activeWeek to \"B\"","duration":0.8468000000002576,"failureMessages":[],"meta":{}},{"ancestorTitles":["schedule store — alternate week (Sprint 5)"],"fullName":"schedule store — alternate week (Sprint 5) setActiveWeek back to \"A\" from \"B\"","status":"passed","title":"setActiveWeek back to \"A\" from \"B\"","duration":0.535200000000259,"failureMessages":[],"meta":{}},{"ancestorTitles":["schedule store — alternate week (Sprint 5)"],"fullName":"schedule store — alternate week (Sprint 5) setActiveWeek clears in-memory schedules","status":"passed","title":"setActiveWeek clears in-memory schedules","duration":2.278900000000249,"failureMessages":[],"meta":{}},{"ancestorTitles":["schedule store — alternate week (Sprint 5)"],"fullName":"schedule store — alternate week (Sprint 5) setSchedules persists using week-aware key","status":"passed","title":"setSchedules persists using week-aware key","duration":3.988999999999578,"failureMessages":[],"meta":{}},{"ancestorTitles":["schedule store — alternate week (Sprint 5)"],"fullName":"schedule store — alternate week (Sprint 5) Week A and Week B schedules are stored independently","status":"passed","title":"Week A and Week B schedules are stored independently","duration":2.624499999999898,"failureMessages":[],"meta":{}},{"ancestorTitles":["schedule store — alternate week (Sprint 5)"],"fullName":"schedule store — alternate week (Sprint 5) clearSchedules removes the active week localStorage entry","status":"passed","title":"clearSchedules removes the active week localStorage entry","duration":1.043800000000374,"failureMessages":[],"meta":{}},{"ancestorTitles":["OfficeData — alternateWeekEnabled"],"fullName":"OfficeData — alternateWeekEnabled alternateWeekEnabled is a valid optional field on OfficeData","status":"passed","title":"alternateWeekEnabled is a valid optional field on OfficeData","duration":7.714599999999336,"failureMessages":[],"meta":{}},{"ancestorTitles":["OfficeData — alternateWeekEnabled"],"fullName":"OfficeData — alternateWeekEnabled alternateWeekEnabled defaults to falsy when omitted","status":"passed","title":"alternateWeekEnabled defaults to falsy when omitted","duration":0.5532999999995809,"failureMessages":[],"meta":{}}],"startTime":1776800883665,"endTime":1776800883688.7146,"status":"passed","message":"","name":"C:/Users/ScottGuest/Documents/Workspaces/personal/tools/cst-designer/src/__tests__/unit/alternate-week.test.ts"},{"assertionResults":[{"ancestorTitles":["Auto-populate: localStorage schedule persistence"],"fullName":"Auto-populate: localStorage schedule persistence returns null when no saved schedule exists","status":"passed","title":"returns null when no saved schedule exists","duration":3.584600000000137,"failureMessages":[],"meta":{}},{"ancestorTitles":["Auto-populate: localStorage schedule persistence"],"fullName":"Auto-populate: localStorage schedule persistence loads saved schedule from localStorage for Week A","status":"passed","title":"loads saved schedule from localStorage for Week A","duration":1.731999999999971,"failureMessages":[],"meta":{}},{"ancestorTitles":["Auto-populate: localStorage schedule persistence"],"fullName":"Auto-populate: localStorage schedule persistence loads saved schedule from localStorage for Week B","status":"passed","title":"loads saved schedule from localStorage for Week B","duration":0.9216999999998734,"failureMessages":[],"meta":{}},{"ancestorTitles":["Auto-populate: localStorage schedule persistence"],"fullName":"Auto-populate: localStorage schedule persistence Week A and B keys are separate","status":"passed","title":"Week A and B keys are separate","duration":0.9218000000000757,"failureMessages":[],"meta":{}},{"ancestorTitles":["Auto-populate: localStorage schedule persistence"],"fullName":"Auto-populate: localStorage schedule persistence returns null after localStorage is cleared","status":"passed","title":"returns null after localStorage is cleared","duration":0.6222000000007029,"failureMessages":[],"meta":{}}],"startTime":1776800894430,"endTime":1776800894438.6223,"status":"passed","message":"","name":"C:/Users/ScottGuest/Documents/Workspaces/personal/tools/cst-designer/src/__tests__/unit/auto-populate.test.ts"},{"assertionResults":[{"ancestorTitles":["Loop 9 — Copy Day + Variant"],"fullName":"Loop 9 — Copy Day + Variant copyDayToDays (replace): copies blocks to Tue+Wed and counts match source","status":"passed","title":"copyDayToDays (replace): copies blocks to Tue+Wed and counts match source","duration":13.89849999999933,"failureMessages":[],"meta":{}},{"ancestorTitles":["Loop 9 — Copy Day + Variant"],"fullName":"Loop 9 — Copy Day + Variant copyDayToDays (merge): does NOT overwrite existing filled slots on the target","status":"passed","title":"copyDayToDays (merge): does NOT overwrite existing filled slots on the target","duration":2.4277000000001863,"failureMessages":[],"meta":{}},{"ancestorTitles":["Loop 9 — Copy Day + Variant"],"fullName":"Loop 9 — Copy Day + Variant copyDayToDays truncates when target has shorter hours (EOF Friday)","status":"passed","title":"copyDayToDays truncates when target has shorter hours (EOF Friday)","duration":3.9151999999994587,"failureMessages":[],"meta":{}},{"ancestorTitles":["Loop 9 — Copy Day + Variant"],"fullName":"Loop 9 — Copy Day + Variant copyDayToDays: undo reverts the entire copy as ONE atomic step","status":"passed","title":"copyDayToDays: undo reverts the entire copy as ONE atomic step","duration":3.0089000000007218,"failureMessages":[],"meta":{}},{"ancestorTitles":["Loop 9 — Copy Day + Variant"],"fullName":"Loop 9 — Copy Day + Variant setVariantLabel: tag + clear with undo","status":"passed","title":"setVariantLabel: tag + clear with undo","duration":1.5322999999989406,"failureMessages":[],"meta":{}},{"ancestorTitles":["Loop 9 — Copy Day + Variant"],"fullName":"Loop 9 — Copy Day + Variant copyDayToDays with includeVariant=true copies variantLabel to target","status":"passed","title":"copyDayToDays with includeVariant=true copies variantLabel to target","duration":1.7669000000005326,"failureMessages":[],"meta":{}},{"ancestorTitles":["Loop 9 — Copy Day + Variant"],"fullName":"Loop 9 — Copy Day + Variant Excel export: variantLabel round-trips into the sheet name","status":"passed","title":"Excel export: variantLabel round-trips into the sheet name","duration":407.9351000000006,"failureMessages":[],"meta":{}}],"startTime":1776800870084,"endTime":1776800870518.935,"status":"passed","message":"","name":"C:/Users/ScottGuest/Documents/Workspaces/personal/tools/cst-designer/src/__tests__/unit/copy-day-variant.test.ts"},{"assertionResults":[{"ancestorTitles":["DPMS button label logic"],"fullName":"DPMS button label logic shows \"Open Dental\" for OPEN_DENTAL dpmsSystem","status":"passed","title":"shows \"Open Dental\" for OPEN_DENTAL dpmsSystem","duration":2.931800000000294,"failureMessages":[],"meta":{}},{"ancestorTitles":["DPMS button label logic"],"fullName":"DPMS button label logic shows \"Dentrix\" for DENTRIX dpmsSystem","status":"passed","title":"shows \"Dentrix\" for DENTRIX dpmsSystem","duration":0.4533000000001266,"failureMessages":[],"meta":{}},{"ancestorTitles":["DPMS button label logic"],"fullName":"DPMS button label logic shows \"Eaglesoft\" for EAGLESOFT dpmsSystem","status":"passed","title":"shows \"Eaglesoft\" for EAGLESOFT dpmsSystem","duration":0.37590000000000146,"failureMessages":[],"meta":{}},{"ancestorTitles":["DPMS button label logic"],"fullName":"DPMS button label logic defaults to \"Open Dental\" for empty/unset dpmsSystem","status":"passed","title":"defaults to \"Open Dental\" for empty/unset dpmsSystem","duration":0.43320000000039727,"failureMessages":[],"meta":{}},{"ancestorTitles":["DPMS button label logic"],"fullName":"DPMS button label logic defaults to \"Open Dental\" for unrecognized DPMS","status":"passed","title":"defaults to \"Open Dental\" for unrecognized DPMS","duration":0.3271000000004278,"failureMessages":[],"meta":{}},{"ancestorTitles":["DPMS button visibility"],"fullName":"DPMS button visibility hides button for OTHER dpmsSystem","status":"passed","title":"hides button for OTHER dpmsSystem","duration":0.3154999999997017,"failureMessages":[],"meta":{}},{"ancestorTitles":["DPMS button visibility"],"fullName":"DPMS button visibility shows button for all other DPMS values","status":"passed","title":"shows button for all other DPMS values","duration":0.5428000000001703,"failureMessages":[],"meta":{}},{"ancestorTitles":["DPMS open-dental behavior flag"],"fullName":"DPMS open-dental behavior flag treats OPEN_DENTAL as opening the export dialog","status":"passed","title":"treats OPEN_DENTAL as opening the export dialog","duration":0.33590000000003783,"failureMessages":[],"meta":{}},{"ancestorTitles":["DPMS open-dental behavior flag"],"fullName":"DPMS open-dental behavior flag treats empty/undefined as Open Dental behavior","status":"passed","title":"treats empty/undefined as Open Dental behavior","duration":0.33579999999983556,"failureMessages":[],"meta":{}},{"ancestorTitles":["DPMS open-dental behavior flag"],"fullName":"DPMS open-dental behavior flag treats Dentrix, Eaglesoft etc as \"coming soon\" behavior","status":"passed","title":"treats Dentrix, Eaglesoft etc as \"coming soon\" behavior","duration":0.40099999999983993,"failureMessages":[],"meta":{}}],"startTime":1776800894412,"endTime":1776800894420.401,"status":"passed","message":"","name":"C:/Users/ScottGuest/Documents/Workspaces/personal/tools/cst-designer/src/__tests__/unit/dpms-button.test.ts"},{"assertionResults":[{"ancestorTitles":["previewDrop — validity engine"],"fullName":"previewDrop — validity engine returns 'valid' for a clean move into empty cells","status":"passed","title":"returns 'valid' for a clean move into empty cells","duration":6.504100000000108,"failureMessages":[],"meta":{}},{"ancestorTitles":["previewDrop — validity engine"],"fullName":"previewDrop — validity engine returns 'conflict' when the target time doesn't exist on the column","status":"passed","title":"returns 'conflict' when the target time doesn't exist on the column","duration":0.7283000000006723,"failureMessages":[],"meta":{}},{"ancestorTitles":["previewDrop — validity engine"],"fullName":"previewDrop — validity engine returns 'conflict' when the target column doesn't exist","status":"passed","title":"returns 'conflict' when the target column doesn't exist","duration":0.5205999999998312,"failureMessages":[],"meta":{}},{"ancestorTitles":["previewDrop — validity engine"],"fullName":"previewDrop — validity engine returns 'conflict' when the block would extend past the working window","status":"passed","title":"returns 'conflict' when the block would extend past the working window","duration":0.8976000000002387,"failureMessages":[],"meta":{}},{"ancestorTitles":["previewDrop — validity engine"],"fullName":"previewDrop — validity engine returns 'conflict' when dropping on top of another block","status":"passed","title":"returns 'conflict' when dropping on top of another block","duration":0.8893000000007305,"failureMessages":[],"meta":{}},{"ancestorTitles":["previewDrop — validity engine"],"fullName":"previewDrop — validity engine returns 'conflict' when target range hits a break","status":"passed","title":"returns 'conflict' when target range hits a break","duration":0.6594000000004598,"failureMessages":[],"meta":{}},{"ancestorTitles":["previewDrop — validity engine"],"fullName":"previewDrop — validity engine allows in-place overlap with the source block (moving backward by one slot)","status":"passed","title":"allows in-place overlap with the source block (moving backward by one slot)","duration":0.46349999999983993,"failureMessages":[],"meta":{}},{"ancestorTitles":["previewDrop — validity engine"],"fullName":"previewDrop — validity engine returns 'warning' for multi-op doctor soft overlap (same real doctor, different op)","status":"passed","title":"returns 'warning' for multi-op doctor soft overlap (same real doctor, different op)","duration":1.0782000000017433,"failureMessages":[],"meta":{}},{"ancestorTitles":["previewDrop — validity engine"],"fullName":"previewDrop — validity engine populates targetKeys for the full source slot count","status":"passed","title":"populates targetKeys for the full source slot count","duration":0.7322999999996682,"failureMessages":[],"meta":{}}],"startTime":1776800891120,"endTime":1776800891132.7324,"status":"passed","message":"","name":"C:/Users/ScottGuest/Documents/Workspaces/personal/tools/cst-designer/src/__tests__/unit/drag-preview.test.ts"},{"assertionResults":[{"ancestorTitles":["resolveProviderDayHours"],"fullName":"resolveProviderDayHours returns general hours when no providerSchedule","status":"passed","title":"returns general hours when no providerSchedule","duration":3.158400000000256,"failureMessages":[],"meta":{}},{"ancestorTitles":["resolveProviderDayHours"],"fullName":"resolveProviderDayHours returns null when provider is disabled for that day","status":"passed","title":"returns null when provider is disabled for that day","duration":0.5209000000013475,"failureMessages":[],"meta":{}},{"ancestorTitles":["resolveProviderDayHours"],"fullName":"resolveProviderDayHours returns per-day hours when enabled with custom times","status":"passed","title":"returns per-day hours when enabled with custom times","duration":0.6414999999997235,"failureMessages":[],"meta":{}},{"ancestorTitles":["resolveProviderDayHours"],"fullName":"resolveProviderDayHours falls back to general hours for days without an override","status":"passed","title":"falls back to general hours for days without an override","duration":0.815999999998894,"failureMessages":[],"meta":{}},{"ancestorTitles":["generateSchedule — per-day hours"],"fullName":"generateSchedule — per-day hours skips disabled provider on that day (no slots generated)","status":"passed","title":"skips disabled provider on that day (no slots generated)","duration":6.546299999999974,"failureMessages":[],"meta":{}},{"ancestorTitles":["generateSchedule — per-day hours"],"fullName":"generateSchedule — per-day hours uses per-day hours override when provider is enabled","status":"passed","title":"uses per-day hours override when provider is enabled","duration":190.73129999999946,"failureMessages":[],"meta":{}},{"ancestorTitles":["generateSchedule — per-day hours"],"fullName":"generateSchedule — per-day hours generates normal schedule for non-disabled days even with providerSchedule set","status":"passed","title":"generates normal schedule for non-disabled days even with providerSchedule set","duration":17.688899999999194,"failureMessages":[],"meta":{}}],"startTime":1776800880516,"endTime":1776800880737.689,"status":"passed","message":"","name":"C:/Users/ScottGuest/Documents/Workspaces/personal/tools/cst-designer/src/__tests__/unit/per-day-hours.test.ts"},{"assertionResults":[{"ancestorTitles":["Provider edit — stagger offset calculation"],"fullName":"Provider edit — stagger offset calculation returns 0 for hygienists regardless of stagger settings","status":"passed","title":"returns 0 for hygienists regardless of stagger settings","duration":2.675899999999274,"failureMessages":[],"meta":{}},{"ancestorTitles":["Provider edit — stagger offset calculation"],"fullName":"Provider edit — stagger offset calculation auto-calculates stagger for first doctor (idx=0): 0 min","status":"passed","title":"auto-calculates stagger for first doctor (idx=0): 0 min","duration":0.4524999999994179,"failureMessages":[],"meta":{}},{"ancestorTitles":["Provider edit — stagger offset calculation"],"fullName":"Provider edit — stagger offset calculation auto-calculates stagger for second doctor (idx=1): 20 min","status":"passed","title":"auto-calculates stagger for second doctor (idx=1): 20 min","duration":0.3896999999997206,"failureMessages":[],"meta":{}},{"ancestorTitles":["Provider edit — stagger offset calculation"],"fullName":"Provider edit — stagger offset calculation uses explicit staggerOffsetMin when non-zero (overrides auto-calc)","status":"passed","title":"uses explicit staggerOffsetMin when non-zero (overrides auto-calc)","duration":0.35860000000047876,"failureMessages":[],"meta":{}},{"ancestorTitles":["Provider edit — stagger offset calculation"],"fullName":"Provider edit — stagger offset calculation falls back to auto-calc when staggerOffsetMin is 0","status":"passed","title":"falls back to auto-calc when staggerOffsetMin is 0","duration":0.35350000000016735,"failureMessages":[],"meta":{}},{"ancestorTitles":["Provider edit — stagger offset calculation"],"fullName":"Provider edit — stagger offset calculation handles undefined staggerOffsetMin as 0 (auto-calc)","status":"passed","title":"handles undefined staggerOffsetMin as 0 (auto-calc)","duration":0.27340000000003783,"failureMessages":[],"meta":{}}],"startTime":1776800896532,"endTime":1776800896537.2734,"status":"passed","message":"","name":"C:/Users/ScottGuest/Documents/Workspaces/personal/tools/cst-designer/src/__tests__/unit/provider-edit.test.ts"},{"assertionResults":[{"ancestorTitles":["cloneProvider"],"fullName":"cloneProvider preserves role, hours, goal, lunch, color, and stagger from the source","status":"passed","title":"preserves role, hours, goal, lunch, color, and stagger from the source","duration":5.433399999999892,"failureMessages":[],"meta":{}},{"ancestorTitles":["cloneProvider"],"fullName":"cloneProvider drops the source db id and clears the DPMS providerId","status":"passed","title":"drops the source db id and clears the DPMS providerId","duration":0.8471000000008644,"failureMessages":[],"meta":{}},{"ancestorTitles":["cloneProvider"],"fullName":"cloneProvider resets operatories to a single target op (default OP1)","status":"passed","title":"resets operatories to a single target op (default OP1)","duration":0.6661000000003696,"failureMessages":[],"meta":{}},{"ancestorTitles":["cloneProvider"],"fullName":"cloneProvider appends \"(Copy)\" to a fresh name and increments the counter on subsequent clones","status":"passed","title":"appends \"(Copy)\" to a fresh name and increments the counter on subsequent clones","duration":0.5198999999993248,"failureMessages":[],"meta":{}},{"ancestorTitles":["cloneProvider"],"fullName":"cloneProvider deep-copies providerSchedule so mutations on the clone do not leak back","status":"passed","title":"deep-copies providerSchedule so mutations on the clone do not leak back","duration":0.41640000000006694,"failureMessages":[],"meta":{}},{"ancestorTitles":["cloneProvider"],"fullName":"cloneProvider applies extras.currentProcedureMix and futureProcedureMix when provided","status":"passed","title":"applies extras.currentProcedureMix and futureProcedureMix when provided","duration":0.6496999999999389,"failureMessages":[],"meta":{}},{"ancestorTitles":["validateBulkGoals"],"fullName":"validateBulkGoals accepts a list of valid entries","status":"passed","title":"accepts a list of valid entries","duration":7.39890000000014,"failureMessages":[],"meta":{}},{"ancestorTitles":["validateBulkGoals"],"fullName":"validateBulkGoals rejects goals above the $10,000/day cap with a per-row error","status":"passed","title":"rejects goals above the $10,000/day cap with a per-row error","duration":1.7362000000011903,"failureMessages":[],"meta":{}},{"ancestorTitles":["validateBulkGoals"],"fullName":"validateBulkGoals rejects zero or negative goals (goals must be positive)","status":"passed","title":"rejects zero or negative goals (goals must be positive)","duration":1.143500000000131,"failureMessages":[],"meta":{}},{"ancestorTitles":["validateBulkGoals"],"fullName":"validateBulkGoals rejects an empty entries array with a form-level error","status":"passed","title":"rejects an empty entries array with a form-level error","duration":0.8106000000007043,"failureMessages":[],"meta":{}},{"ancestorTitles":["validateBulkGoals"],"fullName":"validateBulkGoals rejects non-numeric goals with a clear message","status":"passed","title":"rejects non-numeric goals with a clear message","duration":0.7528000000002066,"failureMessages":[],"meta":{}}],"startTime":1776800882059,"endTime":1776800882081.7527,"status":"passed","message":"","name":"C:/Users/ScottGuest/Documents/Workspaces/personal/tools/cst-designer/src/__tests__/unit/provider-operations.test.ts"},{"assertionResults":[{"ancestorTitles":["Provider role independence"],"fullName":"Provider role independence adding a hygienist preserves the doctor role","status":"passed","title":"adding a hygienist preserves the doctor role","duration":4.547699999999168,"failureMessages":[],"meta":{}},{"ancestorTitles":["Provider role independence"],"fullName":"Provider role independence preserves existing provider ID, generates new for added provider","status":"passed","title":"preserves existing provider ID, generates new for added provider","duration":1.99960000000101,"failureMessages":[],"meta":{}},{"ancestorTitles":["Provider role independence"],"fullName":"Provider role independence adding multiple hygienists never mutates any doctor role","status":"passed","title":"adding multiple hygienists never mutates any doctor role","duration":0.7312999999994645,"failureMessages":[],"meta":{}},{"ancestorTitles":["Provider role independence"],"fullName":"Provider role independence spread operator does not share role reference between providers","status":"passed","title":"spread operator does not share role reference between providers","duration":0.4044000000012602,"failureMessages":[],"meta":{}}],"startTime":1776800891972,"endTime":1776800891980.4043,"status":"passed","message":"","name":"C:/Users/ScottGuest/Documents/Workspaces/personal/tools/cst-designer/src/__tests__/unit/provider-role-independence.test.ts"},{"assertionResults":[{"ancestorTitles":["T1 — 4-week rotation week support"],"fullName":"T1 — 4-week rotation week support setActiveWeek can switch to C","status":"passed","title":"setActiveWeek can switch to C","duration":3.650800000000345,"failureMessages":[],"meta":{}},{"ancestorTitles":["T1 — 4-week rotation week support"],"fullName":"T1 — 4-week rotation week support setActiveWeek can switch to D","status":"passed","title":"setActiveWeek can switch to D","duration":0.7507000000005064,"failureMessages":[],"meta":{}},{"ancestorTitles":["T1 — 4-week rotation week support"],"fullName":"T1 — 4-week rotation week support setActiveWeek cycles through A→B→C→D","status":"passed","title":"setActiveWeek cycles through A→B→C→D","duration":1.0214999999998327,"failureMessages":[],"meta":{}},{"ancestorTitles":["T2 — Copy from Week A"],"fullName":"T2 — Copy from Week A copyWeekFromA copies Week A data to Week B","status":"passed","title":"copyWeekFromA copies Week A data to Week B","duration":1.7695999999996275,"failureMessages":[],"meta":{}},{"ancestorTitles":["T2 — Copy from Week A"],"fullName":"T2 — Copy from Week A copyWeekFromA copies to Week C in a 4-week rotation","status":"passed","title":"copyWeekFromA copies to Week C in a 4-week rotation","duration":0.8612000000002809,"failureMessages":[],"meta":{}},{"ancestorTitles":["T2 — Copy from Week A"],"fullName":"T2 — Copy from Week A copyWeekFromA returns false when Week A is empty","status":"passed","title":"copyWeekFromA returns false when Week A is empty","duration":0.4738999999999578,"failureMessages":[],"meta":{}},{"ancestorTitles":["T2 — Copy from Week A"],"fullName":"T2 — Copy from Week A copyWeekFromA loads copied data into memory when viewing target week","status":"passed","title":"copyWeekFromA loads copied data into memory when viewing target week","duration":0.67870000000039,"failureMessages":[],"meta":{}},{"ancestorTitles":["T2 — Copy from Week A"],"fullName":"T2 — Copy from Week A copyWeekFromA copies to Week D in 4-week rotation","status":"passed","title":"copyWeekFromA copies to Week D in 4-week rotation","duration":0.5224000000007436,"failureMessages":[],"meta":{}},{"ancestorTitles":["T3 — Provider rotation week exclusion"],"fullName":"T3 — Provider rotation week exclusion provider included in Week A (in rotation weeks)","status":"passed","title":"provider included in Week A (in rotation weeks)","duration":36.440700000000106,"failureMessages":[],"meta":{}},{"ancestorTitles":["T3 — Provider rotation week exclusion"],"fullName":"T3 — Provider rotation week exclusion provider excluded in Week B (not in rotation weeks)","status":"passed","title":"provider excluded in Week B (not in rotation weeks)","duration":0.7655999999997221,"failureMessages":[],"meta":{}},{"ancestorTitles":["T3 — Provider rotation week exclusion"],"fullName":"T3 — Provider rotation week exclusion provider excluded in Week D (not in rotation weeks)","status":"passed","title":"provider excluded in Week D (not in rotation weeks)","duration":0.5132999999996173,"failureMessages":[],"meta":{}},{"ancestorTitles":["T3 — Provider rotation week exclusion"],"fullName":"T3 — Provider rotation week exclusion provider included in Week C (in rotation weeks)","status":"passed","title":"provider included in Week C (in rotation weeks)","duration":2.758100000000013,"failureMessages":[],"meta":{}},{"ancestorTitles":["T3 — Provider rotation week exclusion"],"fullName":"T3 — Provider rotation week exclusion provider with no rotationWeeks works all weeks","status":"passed","title":"provider with no rotationWeeks works all weeks","duration":7.153000000000247,"failureMessages":[],"meta":{}},{"ancestorTitles":["T3 — Provider rotation week exclusion"],"fullName":"T3 — Provider rotation week exclusion provider with empty rotationWeeks array works all weeks (default)","status":"passed","title":"provider with empty rotationWeeks array works all weeks (default)","duration":5.410699999999451,"failureMessages":[],"meta":{}},{"ancestorTitles":["T4 — 2-week A/B independent schedules"],"fullName":"T4 — 2-week A/B independent schedules Week A and Week B store independently","status":"passed","title":"Week A and Week B store independently","duration":2.589600000000246,"failureMessages":[],"meta":{}},{"ancestorTitles":["T4 — 2-week A/B independent schedules"],"fullName":"T4 — 2-week A/B independent schedules switching to Week B loads Week B persisted schedule","status":"passed","title":"switching to Week B loads Week B persisted schedule","duration":0.9715000000005602,"failureMessages":[],"meta":{}},{"ancestorTitles":["T5 — 4-week A→D switch"],"fullName":"T5 — 4-week A→D switch switching to Week D loads Week D persisted schedule (empty initially)","status":"passed","title":"switching to Week D loads Week D persisted schedule (empty initially)","duration":0.6017999999994572,"failureMessages":[],"meta":{}},{"ancestorTitles":["T5 — 4-week A→D switch"],"fullName":"T5 — 4-week A→D switch can save and load Week D independently","status":"passed","title":"can save and load Week D independently","duration":0.7260999999998603,"failureMessages":[],"meta":{}},{"ancestorTitles":["T5 — 4-week A→D switch"],"fullName":"T5 — 4-week A→D switch Week C and D keys are distinct","status":"passed","title":"Week C and D keys are distinct","duration":1.2327000000004773,"failureMessages":[],"meta":{}},{"ancestorTitles":["T6 — Rotation disabled offices"],"fullName":"T6 — Rotation disabled offices activeWeek defaults to A","status":"passed","title":"activeWeek defaults to A","duration":0.33140000000003056,"failureMessages":[],"meta":{}},{"ancestorTitles":["T6 — Rotation disabled offices"],"fullName":"T6 — Rotation disabled offices single schedule stored without week suffix when office has no rotation","status":"passed","title":"single schedule stored without week suffix when office has no rotation","duration":0.7073999999993248,"failureMessages":[],"meta":{}},{"ancestorTitles":["T7 — Legacy alternateWeekEnabled backward compat"],"fullName":"T7 — Legacy alternateWeekEnabled backward compat OfficeData with alternateWeekEnabled=true can still use Week B store","status":"passed","title":"OfficeData with alternateWeekEnabled=true can still use Week B store","duration":1.2973000000001775,"failureMessages":[],"meta":{}},{"ancestorTitles":["T7 — Legacy alternateWeekEnabled backward compat"],"fullName":"T7 — Legacy alternateWeekEnabled backward compat alternateWeekEnabled field presence on OfficeData remains valid","status":"passed","title":"alternateWeekEnabled field presence on OfficeData remains valid","duration":2.1622999999999593,"failureMessages":[],"meta":{}},{"ancestorTitles":["localStorage key format for all 4 weeks"],"fullName":"localStorage key format for all 4 weeks Week A uses base key (no suffix)","status":"passed","title":"Week A uses base key (no suffix)","duration":3.840400000000045,"failureMessages":[],"meta":{}},{"ancestorTitles":["localStorage key format for all 4 weeks"],"fullName":"localStorage key format for all 4 weeks Week B uses :weekB suffix","status":"passed","title":"Week B uses :weekB suffix","duration":0.8914999999997235,"failureMessages":[],"meta":{}},{"ancestorTitles":["localStorage key format for all 4 weeks"],"fullName":"localStorage key format for all 4 weeks Week C uses :weekC suffix","status":"passed","title":"Week C uses :weekC suffix","duration":1.0852999999997337,"failureMessages":[],"meta":{}},{"ancestorTitles":["localStorage key format for all 4 weeks"],"fullName":"localStorage key format for all 4 weeks Week D uses :weekD suffix","status":"passed","title":"Week D uses :weekD suffix","duration":0.7851999999993495,"failureMessages":[],"meta":{}}],"startTime":1776800875532,"endTime":1776800875614.7852,"status":"passed","message":"","name":"C:/Users/ScottGuest/Documents/Workspaces/personal/tools/cst-designer/src/__tests__/unit/rotation-templates.test.ts"},{"assertionResults":[{"ancestorTitles":["Schedule Store – drag-and-drop (moveBlockInDay)"],"fullName":"Schedule Store – drag-and-drop (moveBlockInDay) moves a block from slot A to slot B and updates the store","status":"passed","title":"moves a block from slot A to slot B and updates the store","duration":8.103900000000067,"failureMessages":[],"meta":{}},{"ancestorTitles":["Schedule Store – drag-and-drop (moveBlockInDay)"],"fullName":"Schedule Store – drag-and-drop (moveBlockInDay) rejects a drop onto a break/lunch slot (no state change)","status":"passed","title":"rejects a drop onto a break/lunch slot (no state change)","duration":1.0244000000002416,"failureMessages":[],"meta":{}},{"ancestorTitles":["Schedule Store – drag-and-drop (moveBlockInDay)"],"fullName":"Schedule Store – drag-and-drop (moveBlockInDay) preserves blockTypeId, blockLabel, and full duration after a move","status":"passed","title":"preserves blockTypeId, blockLabel, and full duration after a move","duration":1.6084999999984575,"failureMessages":[],"meta":{}},{"ancestorTitles":["Schedule Store – drag-and-drop (moveBlockInDay)"],"fullName":"Schedule Store – drag-and-drop (moveBlockInDay) rejects a drop when there is not enough room (would overflow into break)","status":"passed","title":"rejects a drop when there is not enough room (would overflow into break)","duration":0.6772000000000844,"failureMessages":[],"meta":{}},{"ancestorTitles":["Schedule Store – drag-and-drop (moveBlockInDay)"],"fullName":"Schedule Store – drag-and-drop (moveBlockInDay) allows cross-provider move when destination is empty","status":"passed","title":"allows cross-provider move when destination is empty","duration":1.1514999999999418,"failureMessages":[],"meta":{}}],"startTime":1776800890092,"endTime":1776800890105.1516,"status":"passed","message":"","name":"C:/Users/ScottGuest/Documents/Workspaces/personal/tools/cst-designer/src/__tests__/unit/schedule-store-drag.test.ts"},{"assertionResults":[{"ancestorTitles":["Schedule Store — Save/Load Cycle"],"fullName":"Schedule Store — Save/Load Cycle persists schedules to localStorage after setSchedules","status":"passed","title":"persists schedules to localStorage after setSchedules","duration":4.351700000001074,"failureMessages":[],"meta":{}},{"ancestorTitles":["Schedule Store — Save/Load Cycle"],"fullName":"Schedule Store — Save/Load Cycle restores exact schedule state via loadSchedulesForOffice","status":"passed","title":"restores exact schedule state via loadSchedulesForOffice","duration":3.3897999999990134,"failureMessages":[],"meta":{}},{"ancestorTitles":["Schedule Store — Save/Load Cycle"],"fullName":"Schedule Store — Save/Load Cycle persists block placement and restores exact block positions","status":"passed","title":"persists block placement and restores exact block positions","duration":5.786399999999048,"failureMessages":[],"meta":{}},{"ancestorTitles":["Schedule Store — Save/Load Cycle"],"fullName":"Schedule Store — Save/Load Cycle clearSchedules removes from localStorage","status":"passed","title":"clearSchedules removes from localStorage","duration":2.435699999999997,"failureMessages":[],"meta":{}},{"ancestorTitles":["Schedule Store — Production Calculation (per appointment, not per row)"],"fullName":"Schedule Store — Production Calculation (per appointment, not per row) counts a 60-min NP block once at $350, not 6 rows × $350","status":"passed","title":"counts a 60-min NP block once at $350, not 6 rows × $350","duration":1.5079999999998108,"failureMessages":[],"meta":{}},{"ancestorTitles":["Schedule Store — Production Calculation (per appointment, not per row)"],"fullName":"Schedule Store — Production Calculation (per appointment, not per row) counts 3 separate Recare blocks as 3 × fee","status":"passed","title":"counts 3 separate Recare blocks as 3 × fee","duration":2.201100000000224,"failureMessages":[],"meta":{}}],"startTime":1776800880569,"endTime":1776800880590.2012,"status":"passed","message":"","name":"C:/Users/ScottGuest/Documents/Workspaces/personal/tools/cst-designer/src/__tests__/unit/schedule-store-save.test.ts"},{"assertionResults":[{"ancestorTitles":["Bug 1: Provider role state is independent per provider"],"fullName":"Bug 1: Provider role state is independent per provider doctor and hygienist providers retain separate roles","status":"passed","title":"doctor and hygienist providers retain separate roles","duration":3.144199999999728,"failureMessages":[],"meta":{}},{"ancestorTitles":["Bug 1: Provider role state is independent per provider"],"fullName":"Bug 1: Provider role state is independent per provider supports all three valid roles","status":"passed","title":"supports all three valid roles","duration":0.6567000000004555,"failureMessages":[],"meta":{}},{"ancestorTitles":["Bug 3: Stagger time persisted as staggerOffsetMin per provider"],"fullName":"Bug 3: Stagger time persisted as staggerOffsetMin per provider first doctor has staggerOffsetMin = 0","status":"passed","title":"first doctor has staggerOffsetMin = 0","duration":0.5595999999995911,"failureMessages":[],"meta":{}},{"ancestorTitles":["Bug 3: Stagger time persisted as staggerOffsetMin per provider"],"fullName":"Bug 3: Stagger time persisted as staggerOffsetMin per provider second doctor has staggerOffsetMin = 1 × staggerMin","status":"passed","title":"second doctor has staggerOffsetMin = 1 × staggerMin","duration":0.5406000000002678,"failureMessages":[],"meta":{}},{"ancestorTitles":["Bug 3: Stagger time persisted as staggerOffsetMin per provider"],"fullName":"Bug 3: Stagger time persisted as staggerOffsetMin per provider third doctor has staggerOffsetMin = 2 × staggerMin","status":"passed","title":"third doctor has staggerOffsetMin = 2 × staggerMin","duration":0.4839000000001761,"failureMessages":[],"meta":{}},{"ancestorTitles":["Bug 3: Stagger time persisted as staggerOffsetMin per provider"],"fullName":"Bug 3: Stagger time persisted as staggerOffsetMin per provider stagger = 0 is preserved (not treated as null/undefined)","status":"passed","title":"stagger = 0 is preserved (not treated as null/undefined)","duration":0.6113999999997759,"failureMessages":[],"meta":{}},{"ancestorTitles":["Bug 3: Stagger time persisted as staggerOffsetMin per provider"],"fullName":"Bug 3: Stagger time persisted as staggerOffsetMin per provider hygienist does not receive staggerOffsetMin","status":"passed","title":"hygienist does not receive staggerOffsetMin","duration":0.4978000000000975,"failureMessages":[],"meta":{}},{"ancestorTitles":["Bug 4: Multi-op providers render all assigned operatories"],"fullName":"Bug 4: Multi-op providers render all assigned operatories 2-op doctor produces 2 virtual provider IDs","status":"passed","title":"2-op doctor produces 2 virtual provider IDs","duration":2.3125,"failureMessages":[],"meta":{}},{"ancestorTitles":["Bug 4: Multi-op providers render all assigned operatories"],"fullName":"Bug 4: Multi-op providers render all assigned operatories 3-op doctor produces 3 virtual provider IDs","status":"passed","title":"3-op doctor produces 3 virtual provider IDs","duration":0.6599999999998545,"failureMessages":[],"meta":{}},{"ancestorTitles":["Bug 4: Multi-op providers render all assigned operatories"],"fullName":"Bug 4: Multi-op providers render all assigned operatories single-op provider keeps real ID (no virtual ID)","status":"passed","title":"single-op provider keeps real ID (no virtual ID)","duration":0.5336999999999534,"failureMessages":[],"meta":{}},{"ancestorTitles":["Bug 4: Multi-op providers render all assigned operatories"],"fullName":"Bug 4: Multi-op providers render all assigned operatories multi-op slot maps to correct virtual provider ID","status":"passed","title":"multi-op slot maps to correct virtual provider ID","duration":0.5244999999995343,"failureMessages":[],"meta":{}},{"ancestorTitles":["Bug 5: Production goal is per-provider, not per-operatory"],"fullName":"Bug 5: Production goal is per-provider, not per-operatory production summary has one entry per real provider (not per op)","status":"passed","title":"production summary has one entry per real provider (not per op)","duration":4.189000000000306,"failureMessages":[],"meta":{}},{"ancestorTitles":["Bug 7: Block label renders only in first row (isBlockFirst=true)"],"fullName":"Bug 7: Block label renders only in first row (isBlockFirst=true) label visible when isBlockFirst=true","status":"passed","title":"label visible when isBlockFirst=true","duration":0.3550999999997657,"failureMessages":[],"meta":{}},{"ancestorTitles":["Bug 7: Block label renders only in first row (isBlockFirst=true)"],"fullName":"Bug 7: Block label renders only in first row (isBlockFirst=true) label hidden when isBlockFirst=false (continuation rows)","status":"passed","title":"label hidden when isBlockFirst=false (continuation rows)","duration":0.298200000000179,"failureMessages":[],"meta":{}},{"ancestorTitles":["Bug 7: Block label renders only in first row (isBlockFirst=true)"],"fullName":"Bug 7: Block label renders only in first row (isBlockFirst=true) null block label never renders regardless of isBlockFirst","status":"passed","title":"null block label never renders regardless of isBlockFirst","duration":0.2617000000000189,"failureMessages":[],"meta":{}},{"ancestorTitles":["Bug 8: Block border left-edge thickness is at least 4px"],"fullName":"Bug 8: Block border left-edge thickness is at least 4px provider cell border-left is 4px when no conflict","status":"passed","title":"provider cell border-left is 4px when no conflict","duration":0.333400000000438,"failureMessages":[],"meta":{}},{"ancestorTitles":["Bug 8: Block border left-edge thickness is at least 4px"],"fullName":"Bug 8: Block border left-edge thickness is at least 4px conflict cell border-left is at least 4px","status":"passed","title":"conflict cell border-left is at least 4px","duration":0.19549999999981083,"failureMessages":[],"meta":{}},{"ancestorTitles":["Bug 9: Excel export uses actual schedule slot times"],"fullName":"Bug 9: Excel export uses actual schedule slot times 10-min office: 07:00-16:00 produces 54 time-slot rows","status":"passed","title":"10-min office: 07:00-16:00 produces 54 time-slot rows","duration":0.34239999999954307,"failureMessages":[],"meta":{}},{"ancestorTitles":["Bug 9: Excel export uses actual schedule slot times"],"fullName":"Bug 9: Excel export uses actual schedule slot times 15-min office export uses 15-min rows (not 10-min)","status":"passed","title":"15-min office export uses 15-min rows (not 10-min)","duration":1.1810000000004948,"failureMessages":[],"meta":{}},{"ancestorTitles":["Bug 9: Excel export uses actual schedule slot times"],"fullName":"Bug 9: Excel export uses actual schedule slot times export time grid derived from actual slot data matches schedule","status":"passed","title":"export time grid derived from actual slot data matches schedule","duration":0.45089999999981956,"failureMessages":[],"meta":{}},{"ancestorTitles":["Bug 10: Production summary counts each block once (not per row)"],"fullName":"Bug 10: Production summary counts each block once (not per row) 60-min NP block (6 rows) counted as $350, not $2100","status":"passed","title":"60-min NP block (6 rows) counted as $350, not $2100","duration":0.7051000000001295,"failureMessages":[],"meta":{}},{"ancestorTitles":["Bug 10: Production summary counts each block once (not per row)"],"fullName":"Bug 10: Production summary counts each block once (not per row) two separate HP blocks in same column count as 2×minimumAmount","status":"passed","title":"two separate HP blocks in same column count as 2×minimumAmount","duration":0.5019000000002052,"failureMessages":[],"meta":{}},{"ancestorTitles":["Bug 10: Production summary counts each block once (not per row)"],"fullName":"Bug 10: Production summary counts each block once (not per row) multi-op doctor: HP in OP1 and HP in OP2 both counted separately","status":"passed","title":"multi-op doctor: HP in OP1 and HP in OP2 both counted separately","duration":0.4933000000000902,"failureMessages":[],"meta":{}}],"startTime":1776800883470,"endTime":1776800883492.4934,"status":"passed","message":"","name":"C:/Users/ScottGuest/Documents/Workspaces/personal/tools/cst-designer/src/__tests__/unit/sprint1-bugs.test.ts"},{"assertionResults":[{"ancestorTitles":["buildProviderMapping"],"fullName":"buildProviderMapping maps single doctor to single doctor","status":"passed","title":"maps single doctor to single doctor","duration":2.9325000000008004,"failureMessages":[],"meta":{}},{"ancestorTitles":["buildProviderMapping"],"fullName":"buildProviderMapping maps multiple providers by role+index","status":"passed","title":"maps multiple providers by role+index","duration":0.6684999999997672,"failureMessages":[],"meta":{}},{"ancestorTitles":["buildProviderMapping"],"fullName":"buildProviderMapping returns null for unmatched source providers (more source than target)","status":"passed","title":"returns null for unmatched source providers (more source than target)","duration":1.1715999999996711,"failureMessages":[],"meta":{}},{"ancestorTitles":["buildProviderMapping"],"fullName":"buildProviderMapping leaves extra target providers unmapped (more target than source)","status":"passed","title":"leaves extra target providers unmapped (more target than source)","duration":0.5275999999994383,"failureMessages":[],"meta":{}},{"ancestorTitles":["buildProviderMapping"],"fullName":"buildProviderMapping handles empty source and target","status":"passed","title":"handles empty source and target","duration":0.3583999999991647,"failureMessages":[],"meta":{}},{"ancestorTitles":["buildProviderMapping"],"fullName":"buildProviderMapping handles source with only doctors, target with only hygienists → all null","status":"passed","title":"handles source with only doctors, target with only hygienists → all null","duration":0.3922000000002299,"failureMessages":[],"meta":{}},{"ancestorTitles":["cloneDaySchedule"],"fullName":"cloneDaySchedule remaps provider IDs by role","status":"passed","title":"remaps provider IDs by role","duration":3.2836999999999534,"failureMessages":[],"meta":{}},{"ancestorTitles":["cloneDaySchedule"],"fullName":"cloneDaySchedule reports unmatched source providers when target has fewer doctors","status":"passed","title":"reports unmatched source providers when target has fewer doctors","duration":2.204200000000128,"failureMessages":[],"meta":{}},{"ancestorTitles":["cloneDaySchedule"],"fullName":"cloneDaySchedule preserves block content (blockLabel, blockTypeId, isBreak)","status":"passed","title":"preserves block content (blockLabel, blockTypeId, isBreak)","duration":0.6970999999994092,"failureMessages":[],"meta":{}},{"ancestorTitles":["cloneDaySchedule"],"fullName":"cloneDaySchedule maps operatory by index when target has different operatory names","status":"passed","title":"maps operatory by index when target has different operatory names","duration":1.0604999999995925,"failureMessages":[],"meta":{}},{"ancestorTitles":["cloneDaySchedule"],"fullName":"cloneDaySchedule preserves dayOfWeek from source","status":"passed","title":"preserves dayOfWeek from source","duration":0.43660000000090804,"failureMessages":[],"meta":{}},{"ancestorTitles":["localStorage helpers"],"fullName":"localStorage helpers returns empty object when nothing stored","status":"passed","title":"returns empty object when nothing stored","duration":2.587199999999939,"failureMessages":[],"meta":{}},{"ancestorTitles":["localStorage helpers"],"fullName":"localStorage helpers round-trips save/load","status":"passed","title":"round-trips save/load","duration":0.71739999
[...]
e":"golden-template: 'Smile Cascade — Monday' attaches a guardReport and stays under the HARD-violation ceiling","status":"passed","title":"attaches a guardReport and stays under the HARD-violation ceiling","duration":0.1779000000005908,"failureMessages":[],"meta":{}},{"ancestorTitles":["golden-template: 'Smile Cascade — Monday'"],"fullName":"golden-template: 'Smile Cascade — Monday' has no 3-way simultaneous doctor X-segment across columns","status":"passed","title":"has no 3-way simultaneous doctor X-segment across columns","duration":0.4210000000002765,"failureMessages":[],"meta":{}},{"ancestorTitles":["golden-template: 'Smile Cascade — Monday'"],"fullName":"golden-template: 'Smile Cascade — Monday' honours examWindowMin for hygiene blocks with exam embedding","status":"passed","title":"honours examWindowMin for hygiene blocks with exam embedding","duration":0.16449999999895226,"failureMessages":[],"meta":{}}],"startTime":1776800869553,"endTime":1776800869909.421,"status":"passed","message":"","name":"C:/Users/ScottGuest/Documents/Workspaces/personal/tools/cst-designer/src/lib/engine/__tests__/golden-templates/golden-templates.test.ts"},{"assertionResults":[{"ancestorTitles":["BlockHoverPopover"],"fullName":"BlockHoverPopover returns null when closed","status":"passed","title":"returns null when closed","duration":50.15569999999934,"failureMessages":[],"meta":{}},{"ancestorTitles":["BlockHoverPopover"],"fullName":"BlockHoverPopover renders facts, title, and end-time when open","status":"passed","title":"renders facts, title, and end-time when open","duration":123.76320000000123,"failureMessages":[],"meta":{}},{"ancestorTitles":["BlockHoverPopover"],"fullName":"BlockHoverPopover renders issues section when violations provided","status":"passed","title":"renders issues section when violations provided","duration":26.06500000000051,"failureMessages":[],"meta":{}},{"ancestorTitles":["BlockHoverPopover"],"fullName":"BlockHoverPopover action buttons call their handlers","status":"passed","title":"action buttons call their handlers","duration":43.44260000000031,"failureMessages":[],"meta":{}}],"startTime":1776800872294,"endTime":1776800872537.4426,"status":"passed","message":"","name":"C:/Users/ScottGuest/Documents/Workspaces/personal/tools/cst-designer/src/components/schedule/v2/__tests__/BlockHoverPopover.test.tsx"},{"assertionResults":[{"ancestorTitles":["BlockInstance — geometry"],"fullName":"BlockInstance — geometry renders exactly three X-segment bands when all three are present","status":"passed","title":"renders exactly three X-segment bands when all three are present","duration":135.26400000000103,"failureMessages":[],"meta":{}},{"ancestorTitles":["BlockInstance — geometry"],"fullName":"BlockInstance — geometry omits A-pre band when asstPreMin === 0","status":"passed","title":"omits A-pre band when asstPreMin === 0","duration":14.687299999999595,"failureMessages":[],"meta":{}},{"ancestorTitles":["BlockInstance — geometry"],"fullName":"BlockInstance — geometry encodes slot counts in data attributes for downstream tests","status":"passed","title":"encodes slot counts in data attributes for downstream tests","duration":49.22740000000158,"failureMessages":[],"meta":{}},{"ancestorTitles":["BlockInstance — geometry"],"fullName":"BlockInstance — geometry applies slotHeightPx to overall height (durationSlots × slotHeightPx)","status":"passed","title":"applies slotHeightPx to overall height (durationSlots × slotHeightPx)","duration":19.653299999999945,"failureMessages":[],"meta":{}},{"ancestorTitles":["BlockInstance — hygiene glyph"],"fullName":"BlockInstance — hygiene glyph renders exam-glyph overlay only when isHygieneBlock is true","status":"passed","title":"renders exam-glyph overlay only when isHygieneBlock is true","duration":20.157999999999447,"failureMessages":[],"meta":{}},{"ancestorTitles":["BlockInstance — violations"],"fullName":"BlockInstance — violations shows a HARD-severity badge when any violation is HARD","status":"passed","title":"shows a HARD-severity badge when any violation is HARD","duration":17.38090000000011,"failureMessages":[],"meta":{}},{"ancestorTitles":["BlockInstance — violations"],"fullName":"BlockInstance — violations omits the badge entirely when no violations","status":"passed","title":"omits the badge entirely when no violations","duration":7.797900000001391,"failureMessages":[],"meta":{}},{"ancestorTitles":["BlockInstance — interaction"],"fullName":"BlockInstance — interaction calls onActivate on click","status":"passed","title":"calls onActivate on click","duration":19.197700000000623,"failureMessages":[],"meta":{}},{"ancestorTitles":["BlockInstance — interaction"],"fullName":"BlockInstance — interaction calls onActivate on Enter key","status":"passed","title":"calls onActivate on Enter key","duration":9.436600000000908,"failureMessages":[],"meta":{}},{"ancestorTitles":["BlockInstance — interaction"],"fullName":"BlockInstance — interaction fires onHoverChange on mouseenter/leave","status":"passed","title":"fires onHoverChange on mouseenter/leave","duration":14.93289999999979,"failureMessages":[],"meta":{}},{"ancestorTitles":["BlockInstance — a11y"],"fullName":"BlockInstance — a11y exposes role=\"button\" + tabIndex=0 + descriptive aria-label","status":"passed","title":"exposes role=\"button\" + tabIndex=0 + descriptive aria-label","duration":7.039999999999054,"failureMessages":[],"meta":{}}],"startTime":1776800870240,"endTime":1776800870558.04,"status":"passed","message":"","name":"C:/Users/ScottGuest/Documents/Workspaces/personal/tools/cst-designer/src/components/schedule/v2/__tests__/BlockInstance.test.tsx"},{"assertionResults":[{"ancestorTitles":["deriveShortCode"],"fullName":"deriveShortCode returns canonical short codes for Bible §5 labels","status":"passed","title":"returns canonical short codes for Bible §5 labels","duration":3.403599999999642,"failureMessages":[],"meta":{}},{"ancestorTitles":["deriveShortCode"],"fullName":"deriveShortCode falls back to first 3 chars when no canonical match","status":"passed","title":"falls back to first 3 chars when no canonical match","duration":0.8674000000009983,"failureMessages":[],"meta":{}},{"ancestorTitles":["BlockLabel rendering"],"fullName":"BlockLabel rendering renders compact form when heightPx < COMPACT_THRESHOLD_PX","status":"passed","title":"renders compact form when heightPx < COMPACT_THRESHOLD_PX","duration":76.54719999999907,"failureMessages":[],"meta":{}},{"ancestorTitles":["BlockLabel rendering"],"fullName":"BlockLabel rendering renders full form when heightPx >= COMPACT_THRESHOLD_PX","status":"passed","title":"renders full form when heightPx >= COMPACT_THRESHOLD_PX","duration":64.73399999999856,"failureMessages":[],"meta":{}},{"ancestorTitles":["BlockLabel rendering"],"fullName":"BlockLabel rendering never outputs ellipsis or truncation characters (UX-L8)","status":"passed","title":"never outputs ellipsis or truncation characters (UX-L8)","duration":7.830100000001039,"failureMessages":[],"meta":{}},{"ancestorTitles":["BlockLabel rendering"],"fullName":"BlockLabel rendering renders info glyph in compact mode when showInfoGlyph is true (default)","status":"passed","title":"renders info glyph in compact mode when showInfoGlyph is true (default)","duration":8.932800000000498,"failureMessages":[],"meta":{}},{"ancestorTitles":["BlockLabel rendering"],"fullName":"BlockLabel rendering forceCompact=true renders compact even when heightPx would be full","status":"passed","title":"forceCompact=true renders compact even when heightPx would be full","duration":20.90259999999944,"failureMessages":[],"meta":{}}],"startTime":1776800872058,"endTime":1776800872241.9026,"status":"passed","message":"","name":"C:/Users/ScottGuest/Documents/Workspaces/personal/tools/cst-designer/src/components/schedule/v2/__tests__/BlockLabel.test.tsx"},{"assertionResults":[{"ancestorTitles":["Design tokens — WCAG contrast"],"fullName":"Design tokens — WCAG contrast every provider slot meets text AA (≥ 4.5 : 1) against white","status":"passed","title":"every provider slot meets text AA (≥ 4.5 : 1) against white","duration":4.910900000000765,"failureMessages":[],"meta":{}},{"ancestorTitles":["Design tokens — WCAG contrast"],"fullName":"Design tokens — WCAG contrast every severity fg meets text AA (≥ 4.5 : 1) and border/surface meets non-text AA (≥ 3 : 1)","status":"passed","title":"every severity fg meets text AA (≥ 4.5 : 1) and border/surface meets non-text AA (≥ 3 : 1)","duration":0.8812999999991007,"failureMessages":[],"meta":{}},{"ancestorTitles":["Design tokens — WCAG contrast"],"fullName":"Design tokens — WCAG contrast focus ring meets non-text AA (≥ 3 : 1) against white","status":"passed","title":"focus ring meets non-text AA (≥ 3 : 1) against white","duration":0.596399999998539,"failureMessages":[],"meta":{}},{"ancestorTitles":["Design tokens — WCAG contrast"],"fullName":"Design tokens — WCAG contrast contrastRatio is commutative and clamped","status":"passed","title":"contrastRatio is commutative and clamped","duration":0.6226999999998952,"failureMessages":[],"meta":{}}],"startTime":1776800891638,"endTime":1776800891645.6228,"status":"passed","message":"","name":"C:/Users/ScottGuest/Documents/Workspaces/personal/tools/cst-designer/src/components/schedule/v2/__tests__/contrast.test.ts"},{"assertionResults":[{"ancestorTitles":["DoctorFlowOverlay"],"fullName":"DoctorFlowOverlay renders a connector for each inter-op hop of a doctor","status":"passed","title":"renders a connector for each inter-op hop of a doctor","duration":86.77709999999934,"failureMessages":[],"meta":{}},{"ancestorTitles":["DoctorFlowOverlay"],"fullName":"DoctorFlowOverlay skips connectors when consecutive bands are in the same column","status":"passed","title":"skips connectors when consecutive bands are in the same column","duration":9.228399999999965,"failureMessages":[],"meta":{}},{"ancestorTitles":["DoctorFlowOverlay"],"fullName":"DoctorFlowOverlay renders nothing when trace is empty","status":"passed","title":"renders nothing when trace is empty","duration":8.109099999999671,"failureMessages":[],"meta":{}}],"startTime":1776800871362,"endTime":1776800871467.1091,"status":"passed","message":"","name":"C:/Users/ScottGuest/Documents/Workspaces/personal/tools/cst-designer/src/components/schedule/v2/__tests__/DoctorFlowOverlay.test.tsx"},{"assertionResults":[{"ancestorTitles":["ProviderRoleBadge"],"fullName":"ProviderRoleBadge renders role text for each of the 4 role codes","status":"passed","title":"renders role text for each of the 4 role codes","duration":224.8140999999996,"failureMessages":[],"meta":{}},{"ancestorTitles":["ProviderRoleBadge"],"fullName":"ProviderRoleBadge OTHER role renders a dash","status":"passed","title":"OTHER role renders a dash","duration":15.588399999998728,"failureMessages":[],"meta":{}},{"ancestorTitles":["ProviderRoleBadge"],"fullName":"ProviderRoleBadge compact mode hides the text label","status":"passed","title":"compact mode hides the text label","duration":14.23070000000007,"failureMessages":[],"meta":{}},{"ancestorTitles":["ProviderRoleBadge"],"fullName":"ProviderRoleBadge defaults to slot 10 when no providerColorIndex is provided","status":"passed","title":"defaults to slot 10 when no providerColorIndex is provided","duration":33.669599999999264,"failureMessages":[],"meta":{}},{"ancestorTitles":["ProviderRoleBadge"],"fullName":"ProviderRoleBadge exposes a meaningful aria-label","status":"passed","title":"exposes a meaningful aria-label","duration":6.287800000000061,"failureMessages":[],"meta":{}}],"startTime":1776800869984,"endTime":1776800870279.2878,"status":"passed","message":"","name":"C:/Users/ScottGuest/Documents/Workspaces/personal/tools/cst-designer/src/components/schedule/v2/__tests__/ProviderRoleBadge.test.tsx"},{"assertionResults":[{"ancestorTitles":["ScheduleGrid — state short-circuit"],"fullName":"ScheduleGrid — state short-circuit renders empty state when state.kind === \"empty\"","status":"passed","title":"renders empty state when state.kind === \"empty\"","duration":209.8791000000001,"failureMessages":[],"meta":{}},{"ancestorTitles":["ScheduleGrid — state short-circuit"],"fullName":"ScheduleGrid — state short-circuit renders error state when state.kind === \"error\"","status":"passed","title":"renders error state when state.kind === \"error\"","duration":27.297200000000885,"failureMessages":[],"meta":{}},{"ancestorTitles":["ScheduleGrid — state short-circuit"],"fullName":"ScheduleGrid — state short-circuit renders loading state when state.kind === \"loading\"","status":"passed","title":"renders loading state when state.kind === \"loading\"","duration":38.96219999999994,"failureMessages":[],"meta":{}},{"ancestorTitles":["ScheduleGrid — state short-circuit"],"fullName":"ScheduleGrid — state short-circuit renders the canonical grid when state.kind === \"ready\" or undefined","status":"passed","title":"renders the canonical grid when state.kind === \"ready\" or undefined","duration":257.64979999999923,"failureMessages":[],"meta":{}},{"ancestorTitles":["ScheduleGrid — provider role badge in headers"],"fullName":"ScheduleGrid — provider role badge in headers renders a ProviderRoleBadge inside every header that has providerRole","status":"passed","title":"renders a ProviderRoleBadge inside every header that has providerRole","duration":140.41299999999865,"failureMessages":[],"meta":{}},{"ancestorTitles":["ScheduleGrid — blockCategories propagation"],"fullName":"ScheduleGrid — blockCategories propagation forwards procedureCategory to BlockInstance via the blockCategories map","status":"passed","title":"forwards procedureCategory to BlockInstance via the blockCategories map","duration":107.8775999999998,"failureMessages":[],"meta":{}}],"startTime":1776800857907,"endTime":1776800858690.8777,"status":"passed","message":"","name":"C:/Users/ScottGuest/Documents/Workspaces/personal/tools/cst-designer/src/components/schedule/v2/__tests__/ScheduleGrid.polish.test.tsx"},{"assertionResults":[{"ancestorTitles":["ScheduleGrid — structure & a11y"],"fullName":"ScheduleGrid — structure & a11y renders the root grid with role=\"grid\" and aria-rowcount/aria-colcount","status":"passed","title":"renders the root grid with role=\"grid\" and aria-rowcount/aria-colcount","duration":322.41059999999925,"failureMessages":[],"meta":{}},{"ancestorTitles":["ScheduleGrid — structure & a11y"],"fullName":"ScheduleGrid — structure & a11y renders one column header per column","status":"passed","title":"renders one column header per column","duration":73.4940000000006,"failureMessages":[],"meta":{}},{"ancestorTitles":["ScheduleGrid — structure & a11y"],"fullName":"ScheduleGrid — structure & a11y renders time rail cells at 30-min ticks with labels","status":"passed","title":"renders time rail cells at 30-min ticks with labels","duration":67.8135999999995,"failureMessages":[],"meta":{}},{"ancestorTitles":["ScheduleGrid — structure & a11y"],"fullName":"ScheduleGrid — structure & a11y renders all blocks attached to their column","status":"passed","title":"renders all blocks attached to their column","duration":64.5716999999986,"failureMessages":[],"meta":{}},{"ancestorTitles":["ScheduleGrid — structure & a11y"],"fullName":"ScheduleGrid — structure & a11y sets data-sg-zoom on root","status":"passed","title":"sets data-sg-zoom on root","duration":86.38429999999971,"failureMessages":[],"meta":{}},{"ancestorTitles":["ScheduleGrid — keyboard interaction (UX-L6, UX-L9)"],"fullName":"ScheduleGrid — keyboard interaction (UX-L6, UX-L9) auto-initialises cursor at (0, 0) on mount","status":"passed","title":"auto-initialises cursor at (0, 0) on mount","duration":52.04500000000007,"failureMessages":[],"meta":{}},{"ancestorTitles":["ScheduleGrid — keyboard interaction (UX-L6, UX-L9)"],"fullName":"ScheduleGrid — keyboard interaction (UX-L6, UX-L9) ArrowRight moves cursor by one column","status":"passed","title":"ArrowRight moves cursor by one column","duration":163.3034000000007,"failureMessages":[],"meta":{}},{"ancestorTitles":["ScheduleGrid — keyboard interaction (UX-L6, UX-L9)"],"fullName":"ScheduleGrid — keyboard interaction (UX-L6, UX-L9) ArrowDown moves cursor by one row","status":"passed","title":"ArrowDown moves cursor by one row","duration":121.14419999999882,"failureMessages":[],"meta":{}},{"ancestorTitles":["ScheduleGrid — keyboard interaction (UX-L6, UX-L9)"],"fullName":"ScheduleGrid — keyboard interaction (UX-L6, UX-L9) cursor does not escape bounds","status":"passed","title":"cursor does not escape bounds","duration":1506.350699999999,"failureMessages":[],"meta":{}},{"ancestorTitles":["ScheduleGrid — keyboard interaction (UX-L6, UX-L9)"],"fullName":"ScheduleGrid — keyboard interaction (UX-L6, UX-L9) Ctrl+= zooms in, Ctrl+- zooms out, Ctrl+0 resets","status":"passed","title":"Ctrl+= zooms in, Ctrl+- zooms out, Ctrl+0 resets","duration":162.91780000000108,"failureMessages":[],"meta":{}},{"ancestorTitles":["ScheduleGrid — keyboard interaction (UX-L6, UX-L9)"],"fullName":"ScheduleGrid — keyboard interaction (UX-L6, UX-L9) Enter on cursor over a block triggers onBlockActivate","status":"passed","title":"Enter on cursor over a block triggers onBlockActivate","duration":66.08590000000004,"failureMessages":[],"meta":{}},{"ancestorTitles":["ScheduleGrid — keyboard interaction (UX-L6, UX-L9)"],"fullName":"ScheduleGrid — keyboard interaction (UX-L6, UX-L9) Escape clears the selectedBlockId","status":"passed","title":"Escape clears the selectedBlockId","duration":68.99699999999939,"failureMessages":[],"meta":{}},{"ancestorTitles":["ScheduleGrid — doctor-flow overlay toggle"],"fullName":"ScheduleGrid — doctor-flow overlay toggle overlay starts hidden and toggles visible on button click","status":"passed","title":"overlay starts hidden and toggles visible on button click","duration":89.9364999999998,"failureMessages":[],"meta":{}},{"ancestorTitles":["ScheduleGrid — violation badges from GuardReport"],"fullName":"ScheduleGrid — violation badges from GuardReport surfaces per-block violation badges when guardReport includes the blockInstanceId","status":"passed","title":"surfaces per-block violation badges when guardReport includes the blockInstanceId","duration":79.79609999999957,"failureMessages":[],"meta":{}}],"startTime":1776800857608,"endTime":1776800860536.7961,"status":"passed","message":"","name":"C:/Users/ScottGuest/Documents/Workspaces/personal/tools/cst-designer/src/components/schedule/v2/__tests__/ScheduleGrid.test.tsx"},{"assertionResults":[{"ancestorTitles":["ScheduleGridEmpty"],"fullName":"ScheduleGridEmpty renders message and optional action button","status":"passed","title":"renders message and optional action button","duration":93.59990000000107,"failureMessages":[],"meta":{}},{"ancestorTitles":["ScheduleGridEmpty"],"fullName":"ScheduleGridEmpty omits the button when no action callback is supplied","status":"passed","title":"omits the button when no action callback is supplied","duration":11.749900000000707,"failureMessages":[],"meta":{}},{"ancestorTitles":["ScheduleGridError"],"fullName":"ScheduleGridError renders message, optional detail and retry button","status":"passed","title":"renders message, optional detail and retry button","duration":74.98099999999977,"failureMessages":[],"meta":{}},{"ancestorTitles":["ScheduleGridLoading"],"fullName":"ScheduleGridLoading renders rows × columns skeleton cells","status":"passed","title":"renders rows × columns skeleton cells","duration":26.785899999998946,"failureMessages":[],"meta":{}},{"ancestorTitles":["ScheduleGridNoViolations"],"fullName":"ScheduleGridNoViolations renders badge with label","status":"passed","title":"renders badge with label","duration":65.48730000000069,"failureMessages":[],"meta":{}}],"startTime":1776800870839,"endTime":1776800871112.4873,"status":"passed","message":"","name":"C:/Users/ScottGuest/Documents/Workspaces/personal/tools/cst-designer/src/components/schedule/v2/__tests__/ScheduleGridStates.test.tsx"}]}